Running: D:\Xilinx\14.7\ISE_DS\ISE\bin\nt64\unwrapped\fuse.exe -intstyle ise -incremental -lib unisims_ver -lib unimacro_ver -lib xilinxcorelib_ver -o C:/Users/RAI/Desktop/university/term4/Lab DC/FinalProject/TC/temperatureCalculator/temperatureCalculator_isim_beh.exe -prj C:/Users/RAI/Desktop/university/term4/Lab DC/FinalProject/TC/temperatureCalculator/temperatureCalculator_beh.prj work.temperatureCalculator work.glbl 
ISim P.20131013 (signature 0x7708f090)
Number of CPUs detected in this system: 4
Turning on mult-threading, number of parallel sub-compilation jobs: 8 
Determining compilation order of HDL files
Analyzing Verilog file "C:/Users/RAI/Desktop/university/term4/Lab DC/FinalProject/TC/temperatureCalculator/temperatureCalculator.v" into library work
Analyzing Verilog file "D:/Xilinx/14.7/ISE_DS/ISE//verilog/src/glbl.v" into library work
Starting static elaboration
WARNING:HDLCompiler:1016 - "C:/Users/RAI/Desktop/university/term4/Lab DC/FinalProject/TC/temperatureCalculator/temperatureCalculator.v" Line 38: Port cout is not connected to this instance
WARNING:HDLCompiler:189 - "C:/Users/RAI/Desktop/university/term4/Lab DC/FinalProject/TC/temperatureCalculator/temperatureCalculator.v" Line 38: Size mismatch in connection of port <A>. Formal port size is 8-bit while actual signal size is 5-bit.
WARNING:HDLCompiler:189 - "C:/Users/RAI/Desktop/university/term4/Lab DC/FinalProject/TC/temperatureCalculator/temperatureCalculator.v" Line 65: Size mismatch in connection of port <ci>. Formal port size is 1-bit while actual signal size is 32-bit.
Completed static elaboration
Compiling module multiplier4x4
Compiling module full_adder
Compiling module adder_8bit
Compiling module temperatureCalculator
Compiling module glbl
Time Resolution for simulation is 1ps.
Waiting for 1 sub-compilation(s) to finish...
Compiled 5 Verilog Units
Built simulation executable C:/Users/RAI/Desktop/university/term4/Lab DC/FinalProject/TC/temperatureCalculator/temperatureCalculator_isim_beh.exe
Fuse Memory Usage: 29244 KB
Fuse CPU Usage: 592 ms
