Running: D:\Xilinx\14.7\ISE_DS\ISE\bin\nt64\unwrapped\fuse.exe -intstyle ise -incremental -lib unisims_ver -lib unimacro_ver -lib xilinxcorelib_ver -o C:/Users/RAI/Desktop/university/term4/Lab DC/FinalProject/GC/temperatureAbnormalityDetector/tb_isim_beh.exe -prj C:/Users/RAI/Desktop/university/term4/Lab DC/FinalProject/GC/temperatureAbnormalityDetector/tb_beh.prj work.tb work.glbl 
ISim P.20131013 (signature 0x7708f090)
Number of CPUs detected in this system: 4
Turning on mult-threading, number of parallel sub-compilation jobs: 8 
Determining compilation order of HDL files
Analyzing Verilog file "C:/Users/RAI/Desktop/university/term4/Lab DC/FinalProject/GC/temperatureAbnormalityDetector/temperatureAbnormalityDetector.v" into library work
Analyzing Verilog file "D:/Xilinx/14.7/ISE_DS/ISE//verilog/src/glbl.v" into library work
Starting static elaboration
Completed static elaboration
Compiling module multiplexer2x1
Compiling module multiplexer8bit2x1
Compiling module absoluteCalculator
Compiling module countingOnes
Compiling module temperatureAbnormalityDetector
Compiling module tb
Compiling module glbl
Time Resolution for simulation is 1ps.
Waiting for 1 sub-compilation(s) to finish...
Compiled 7 Verilog Units
Built simulation executable C:/Users/RAI/Desktop/university/term4/Lab DC/FinalProject/GC/temperatureAbnormalityDetector/tb_isim_beh.exe
Fuse Memory Usage: 28800 KB
Fuse CPU Usage: 656 ms
